Determining if the pthread_create exist failed with the following output:
Change Dir: /home/thompsonlab/Documents/uhd/host/build/CMakeFiles/CMakeTmp

Run Build Command:"/usr/bin/make" "cmTC_87584/fast"
/usr/bin/make -f CMakeFiles/cmTC_87584.dir/build.make CMakeFiles/cmTC_87584.dir/build
make[1]: Entering directory '/home/thompsonlab/Documents/uhd/host/build/CMakeFiles/CMakeTmp'
Building C object CMakeFiles/cmTC_87584.dir/CheckSymbolExists.c.o
/usr/bin/cc     -o CMakeFiles/cmTC_87584.dir/CheckSymbolExists.c.o   -c /home/thompsonlab/Documents/uhd/host/build/CMakeFiles/CMakeTmp/CheckSymbolExists.c
Linking C executable cmTC_87584
/usr/bin/cmake -E cmake_link_script CMakeFiles/cmTC_87584.dir/link.txt --verbose=1
/usr/bin/cc       CMakeFiles/cmTC_87584.dir/CheckSymbolExists.c.o  -o cmTC_87584 -rdynamic 
CMakeFiles/cmTC_87584.dir/CheckSymbolExists.c.o: In function `main':
CheckSymbolExists.c:(.text+0x16): undefined reference to `pthread_create'
collect2: error: ld returned 1 exit status
CMakeFiles/cmTC_87584.dir/build.make:97: recipe for target 'cmTC_87584' failed
make[1]: *** [cmTC_87584] Error 1
make[1]: Leaving directory '/home/thompsonlab/Documents/uhd/host/build/CMakeFiles/CMakeTmp'
Makefile:126: recipe for target 'cmTC_87584/fast' failed
make: *** [cmTC_87584/fast] Error 2

File /home/thompsonlab/Documents/uhd/host/build/CMakeFiles/CMakeTmp/CheckSymbolExists.c:
/* */
#include <pthread.h>

int main(int argc, char** argv)
{
  (void)argv;
#ifndef pthread_create
  return ((int*)(&pthread_create))[argc];
#else
  (void)argc;
  return 0;
#endif
}

Determining if the function pthread_create exists in the pthreads failed with the following output:
Change Dir: /home/thompsonlab/Documents/uhd/host/build/CMakeFiles/CMakeTmp

Run Build Command:"/usr/bin/make" "cmTC_89968/fast"
/usr/bin/make -f CMakeFiles/cmTC_89968.dir/build.make CMakeFiles/cmTC_89968.dir/build
make[1]: Entering directory '/home/thompsonlab/Documents/uhd/host/build/CMakeFiles/CMakeTmp'
Building C object CMakeFiles/cmTC_89968.dir/CheckFunctionExists.c.o
/usr/bin/cc    -DCHECK_FUNCTION_EXISTS=pthread_create   -o CMakeFiles/cmTC_89968.dir/CheckFunctionExists.c.o   -c /usr/share/cmake-3.5/Modules/CheckFunctionExists.c
Linking C executable cmTC_89968
/usr/bin/cmake -E cmake_link_script CMakeFiles/cmTC_89968.dir/link.txt --verbose=1
/usr/bin/cc   -DCHECK_FUNCTION_EXISTS=pthread_create    CMakeFiles/cmTC_89968.dir/CheckFunctionExists.c.o  -o cmTC_89968 -rdynamic -lpthreads 
/usr/bin/ld: cannot find -lpthreads
collect2: error: ld returned 1 exit status
CMakeFiles/cmTC_89968.dir/build.make:97: recipe for target 'cmTC_89968' failed
make[1]: *** [cmTC_89968] Error 1
make[1]: Leaving directory '/home/thompsonlab/Documents/uhd/host/build/CMakeFiles/CMakeTmp'
Makefile:126: recipe for target 'cmTC_89968/fast' failed
make: *** [cmTC_89968/fast] Error 2


Performing C++ SOURCE FILE Test HAVE_MACH_ABSOLUTE_TIME failed with the following output:
Change Dir: /home/thompsonlab/Documents/uhd/host/build/CMakeFiles/CMakeTmp

Run Build Command:"/usr/bin/make" "cmTC_178ef/fast"
/usr/bin/make -f CMakeFiles/cmTC_178ef.dir/build.make CMakeFiles/cmTC_178ef.dir/build
make[1]: Entering directory '/home/thompsonlab/Documents/uhd/host/build/CMakeFiles/CMakeTmp'
Building CXX object CMakeFiles/cmTC_178ef.dir/src.cxx.o
/usr/bin/c++    -I/usr/include/libusb-1.0  -fvisibility=hidden -fvisibility-inlines-hidden -DHAVE_MACH_ABSOLUTE_TIME   -o CMakeFiles/cmTC_178ef.dir/src.cxx.o -c /home/thompsonlab/Documents/uhd/host/build/CMakeFiles/CMakeTmp/src.cxx
/home/thompsonlab/Documents/uhd/host/build/CMakeFiles/CMakeTmp/src.cxx:2:32: fatal error: mach/mach_time.h: No such file or directory
compilation terminated.
CMakeFiles/cmTC_178ef.dir/build.make:65: recipe for target 'CMakeFiles/cmTC_178ef.dir/src.cxx.o' failed
make[1]: *** [CMakeFiles/cmTC_178ef.dir/src.cxx.o] Error 1
make[1]: Leaving directory '/home/thompsonlab/Documents/uhd/host/build/CMakeFiles/CMakeTmp'
Makefile:126: recipe for target 'cmTC_178ef/fast' failed
make: *** [cmTC_178ef/fast] Error 2

Source file was:

    #include <mach/mach_time.h>
    int main(){
        mach_timebase_info_data_t info;
        mach_timebase_info(&info);
        mach_absolute_time();
        return 0;
    }
    
Performing C++ SOURCE FILE Test HAVE_QUERY_PERFORMANCE_COUNTER failed with the following output:
Change Dir: /home/thompsonlab/Documents/uhd/host/build/CMakeFiles/CMakeTmp

Run Build Command:"/usr/bin/make" "cmTC_b8ce8/fast"
/usr/bin/make -f CMakeFiles/cmTC_b8ce8.dir/build.make CMakeFiles/cmTC_b8ce8.dir/build
make[1]: Entering directory '/home/thompsonlab/Documents/uhd/host/build/CMakeFiles/CMakeTmp'
Building CXX object CMakeFiles/cmTC_b8ce8.dir/src.cxx.o
/usr/bin/c++    -I/usr/include/libusb-1.0  -fvisibility=hidden -fvisibility-inlines-hidden -DHAVE_QUERY_PERFORMANCE_COUNTER   -o CMakeFiles/cmTC_b8ce8.dir/src.cxx.o -c /home/thompsonlab/Documents/uhd/host/build/CMakeFiles/CMakeTmp/src.cxx
/home/thompsonlab/Documents/uhd/host/build/CMakeFiles/CMakeTmp/src.cxx:2:25: fatal error: Windows.h: No such file or directory
compilation terminated.
CMakeFiles/cmTC_b8ce8.dir/build.make:65: recipe for target 'CMakeFiles/cmTC_b8ce8.dir/src.cxx.o' failed
make[1]: *** [CMakeFiles/cmTC_b8ce8.dir/src.cxx.o] Error 1
make[1]: Leaving directory '/home/thompsonlab/Documents/uhd/host/build/CMakeFiles/CMakeTmp'
Makefile:126: recipe for target 'cmTC_b8ce8/fast' failed
make: *** [cmTC_b8ce8/fast] Error 2

Source file was:

    #include <Windows.h>
    int main(){
        LARGE_INTEGER value;
        QueryPerformanceCounter(&value);
        QueryPerformanceFrequency(&value);
        return 0;
    }
    
Determining if the include file arm_neon.h exists failed with the following output:
Change Dir: /home/thompsonlab/Documents/uhd/host/build/CMakeFiles/CMakeTmp

Run Build Command:"/usr/bin/make" "cmTC_6d2fa/fast"
/usr/bin/make -f CMakeFiles/cmTC_6d2fa.dir/build.make CMakeFiles/cmTC_6d2fa.dir/build
make[1]: Entering directory '/home/thompsonlab/Documents/uhd/host/build/CMakeFiles/CMakeTmp'
Building CXX object CMakeFiles/cmTC_6d2fa.dir/CheckIncludeFile.cxx.o
/usr/bin/c++    -I/usr/include/libusb-1.0  -fvisibility=hidden -fvisibility-inlines-hidden    -o CMakeFiles/cmTC_6d2fa.dir/CheckIncludeFile.cxx.o -c /home/thompsonlab/Documents/uhd/host/build/CMakeFiles/CMakeTmp/CheckIncludeFile.cxx
/home/thompsonlab/Documents/uhd/host/build/CMakeFiles/CMakeTmp/CheckIncludeFile.cxx:1:22: fatal error: arm_neon.h: No such file or directory
compilation terminated.
CMakeFiles/cmTC_6d2fa.dir/build.make:65: recipe for target 'CMakeFiles/cmTC_6d2fa.dir/CheckIncludeFile.cxx.o' failed
make[1]: *** [CMakeFiles/cmTC_6d2fa.dir/CheckIncludeFile.cxx.o] Error 1
make[1]: Leaving directory '/home/thompsonlab/Documents/uhd/host/build/CMakeFiles/CMakeTmp'
Makefile:126: recipe for target 'cmTC_6d2fa/fast' failed
make: *** [cmTC_6d2fa/fast] Error 2


Performing C++ SOURCE FILE Test HAVE_WIN_SETTHREADPRIORITY failed with the following output:
Change Dir: /home/thompsonlab/Documents/uhd/host/build/CMakeFiles/CMakeTmp

Run Build Command:"/usr/bin/make" "cmTC_cd5ab/fast"
/usr/bin/make -f CMakeFiles/cmTC_cd5ab.dir/build.make CMakeFiles/cmTC_cd5ab.dir/build
make[1]: Entering directory '/home/thompsonlab/Documents/uhd/host/build/CMakeFiles/CMakeTmp'
Building CXX object CMakeFiles/cmTC_cd5ab.dir/src.cxx.o
/usr/bin/c++    -I/usr/include/libusb-1.0  -fvisibility=hidden -fvisibility-inlines-hidden -DHAVE_WIN_SETTHREADPRIORITY   -o CMakeFiles/cmTC_cd5ab.dir/src.cxx.o -c /home/thompsonlab/Documents/uhd/host/build/CMakeFiles/CMakeTmp/src.cxx
/home/thompsonlab/Documents/uhd/host/build/CMakeFiles/CMakeTmp/src.cxx:2:25: fatal error: windows.h: No such file or directory
compilation terminated.
CMakeFiles/cmTC_cd5ab.dir/build.make:65: recipe for target 'CMakeFiles/cmTC_cd5ab.dir/src.cxx.o' failed
make[1]: *** [CMakeFiles/cmTC_cd5ab.dir/src.cxx.o] Error 1
make[1]: Leaving directory '/home/thompsonlab/Documents/uhd/host/build/CMakeFiles/CMakeTmp'
Makefile:126: recipe for target 'cmTC_cd5ab/fast' failed
make: *** [cmTC_cd5ab/fast] Error 2

Source file was:

    #include <windows.h>
    int main(){
        SetThreadPriority(GetCurrentThread(), 0);
        SetPriorityClass(GetCurrentProcess(), 0);
        return 0;
    }
    
Performing C++ SOURCE FILE Test HAVE_LOAD_LIBRARY failed with the following output:
Change Dir: /home/thompsonlab/Documents/uhd/host/build/CMakeFiles/CMakeTmp

Run Build Command:"/usr/bin/make" "cmTC_4a4b7/fast"
/usr/bin/make -f CMakeFiles/cmTC_4a4b7.dir/build.make CMakeFiles/cmTC_4a4b7.dir/build
make[1]: Entering directory '/home/thompsonlab/Documents/uhd/host/build/CMakeFiles/CMakeTmp'
Building CXX object CMakeFiles/cmTC_4a4b7.dir/src.cxx.o
/usr/bin/c++    -I/usr/include/libusb-1.0  -fvisibility=hidden -fvisibility-inlines-hidden -DHAVE_LOAD_LIBRARY   -o CMakeFiles/cmTC_4a4b7.dir/src.cxx.o -c /home/thompsonlab/Documents/uhd/host/build/CMakeFiles/CMakeTmp/src.cxx
/home/thompsonlab/Documents/uhd/host/build/CMakeFiles/CMakeTmp/src.cxx:3:25: fatal error: windows.h: No such file or directory
compilation terminated.
CMakeFiles/cmTC_4a4b7.dir/build.make:65: recipe for target 'CMakeFiles/cmTC_4a4b7.dir/src.cxx.o' failed
make[1]: *** [CMakeFiles/cmTC_4a4b7.dir/src.cxx.o] Error 1
make[1]: Leaving directory '/home/thompsonlab/Documents/uhd/host/build/CMakeFiles/CMakeTmp'
Makefile:126: recipe for target 'cmTC_4a4b7/fast' failed
make: *** [cmTC_4a4b7/fast] Error 2

Source file was:

    #define WIN32_LEAN_AND_MEAN
    #include <windows.h>
    int main(){
        LoadLibrary(0);
        return 0;
    }
    
Determining if the include file winsock2.h exists failed with the following output:
Change Dir: /home/thompsonlab/Documents/uhd/host/build/CMakeFiles/CMakeTmp

Run Build Command:"/usr/bin/make" "cmTC_95843/fast"
/usr/bin/make -f CMakeFiles/cmTC_95843.dir/build.make CMakeFiles/cmTC_95843.dir/build
make[1]: Entering directory '/home/thompsonlab/Documents/uhd/host/build/CMakeFiles/CMakeTmp'
Building CXX object CMakeFiles/cmTC_95843.dir/CheckIncludeFile.cxx.o
/usr/bin/c++    -I/usr/include/libusb-1.0  -fvisibility=hidden -fvisibility-inlines-hidden    -o CMakeFiles/cmTC_95843.dir/CheckIncludeFile.cxx.o -c /home/thompsonlab/Documents/uhd/host/build/CMakeFiles/CMakeTmp/CheckIncludeFile.cxx
/home/thompsonlab/Documents/uhd/host/build/CMakeFiles/CMakeTmp/CheckIncludeFile.cxx:1:22: fatal error: winsock2.h: No such file or directory
compilation terminated.
CMakeFiles/cmTC_95843.dir/build.make:65: recipe for target 'CMakeFiles/cmTC_95843.dir/CheckIncludeFile.cxx.o' failed
make[1]: *** [CMakeFiles/cmTC_95843.dir/CheckIncludeFile.cxx.o] Error 1
make[1]: Leaving directory '/home/thompsonlab/Documents/uhd/host/build/CMakeFiles/CMakeTmp'
Makefile:126: recipe for target 'cmTC_95843/fast' failed
make: *** [cmTC_95843/fast] Error 2


Determining if the include file atlbase.h exists failed with the following output:
Change Dir: /home/thompsonlab/Documents/uhd/host/build/CMakeFiles/CMakeTmp

Run Build Command:"/usr/bin/make" "cmTC_bc8e5/fast"
/usr/bin/make -f CMakeFiles/cmTC_bc8e5.dir/build.make CMakeFiles/cmTC_bc8e5.dir/build
make[1]: Entering directory '/home/thompsonlab/Documents/uhd/host/build/CMakeFiles/CMakeTmp'
Building CXX object CMakeFiles/cmTC_bc8e5.dir/CheckIncludeFile.cxx.o
/usr/bin/c++    -I/usr/include/libusb-1.0  -fvisibility=hidden -fvisibility-inlines-hidden    -o CMakeFiles/cmTC_bc8e5.dir/CheckIncludeFile.cxx.o -c /home/thompsonlab/Documents/uhd/host/build/CMakeFiles/CMakeTmp/CheckIncludeFile.cxx
/home/thompsonlab/Documents/uhd/host/build/CMakeFiles/CMakeTmp/CheckIncludeFile.cxx:1:21: fatal error: atlbase.h: No such file or directory
compilation terminated.
CMakeFiles/cmTC_bc8e5.dir/build.make:65: recipe for target 'CMakeFiles/cmTC_bc8e5.dir/CheckIncludeFile.cxx.o' failed
make[1]: *** [CMakeFiles/cmTC_bc8e5.dir/CheckIncludeFile.cxx.o] Error 1
make[1]: Leaving directory '/home/thompsonlab/Documents/uhd/host/build/CMakeFiles/CMakeTmp'
Makefile:126: recipe for target 'cmTC_bc8e5/fast' failed
make: *** [cmTC_bc8e5/fast] Error 2


